<?xml version="1.0" encoding="UTF-8"?>
<!-- Generated by org.testng.reporters.JUnitXMLReporter -->
<testsuite hostname="DESKTOP-R3RAE89" ignored="2" name="Deposite page" tests="1" failures="0" timestamp="18 Aug 2021 18:06:56 GMT" time="2.219" errors="0">
  <testcase name="makeDeposite" time="2.181" classname="com.w2a.testcases.DepositeTest"/>
  <testcase name="@BeforeSuite setUp" time="0.0" classname="com.w2a.base.TestBase">
    <ignored/>
  </testcase> <!-- @BeforeSuite setUp -->
  <testcase name="@AfterSuite tearDown" time="0.0" classname="com.w2a.base.TestBase">
    <ignored/>
  </testcase> <!-- @AfterSuite tearDown -->
</testsuite> <!-- Deposite page -->
